<?xml version="1.0" encoding="UTF-8" ?>
<testsuite failures="0" time="0.002" errors="0" skipped="0" tests="1" name="com.yonyou.bpm.test.XmlPathTest">
  <properties>
    <property name="java.runtime.name" value="Java(TM) SE Runtime Environment"/>
    <property name="sun.boot.library.path" value="C:\Program Files\Java\jre7\bin"/>
    <property name="java.vm.version" value="24.80-b11"/>
    <property name="java.vm.vendor" value="Oracle Corporation"/>
    <property name="java.vendor.url" value="http://java.oracle.com/"/>
    <property name="path.separator" value=";"/>
    <property name="java.vm.name" value="Java HotSpot(TM) 64-Bit Server VM"/>
    <property name="file.encoding.pkg" value="sun.io"/>
    <property name="user.script" value=""/>
    <property name="user.country" value="CN"/>
    <property name="sun.java.launcher" value="SUN_STANDARD"/>
    <property name="sun.os.patch.level" value=""/>
    <property name="java.vm.specification.name" value="Java Virtual Machine Specification"/>
    <property name="user.dir" value="D:\20160319\yonyou-bpm\ubpm-engine"/>
    <property name="java.runtime.version" value="1.7.0_80-b15"/>
    <property name="java.awt.graphicsenv" value="sun.awt.Win32GraphicsEnvironment"/>
    <property name="basedir" value="D:\20160319\yonyou-bpm\ubpm-engine"/>
    <property name="java.endorsed.dirs" value="C:\Program Files\Java\jre7\lib\endorsed"/>
    <property name="os.arch" value="amd64"/>
    <property name="surefire.real.class.path" value="D:\20160319\yonyou-bpm\ubpm-engine\target\surefire\surefirebooter5072176656799694366.jar"/>
    <property name="java.io.tmpdir" value="C:\Users\wht\AppData\Local\Temp\"/>
    <property name="line.separator" value="
"/>
    <property name="java.vm.specification.vendor" value="Oracle Corporation"/>
    <property name="user.variant" value=""/>
    <property name="os.name" value="Windows 8.1"/>
    <property name="sun.jnu.encoding" value="GBK"/>
    <property name="java.library.path" value="C:\Program Files\Java\jre7\bin;C:\Windows\Sun\Java\bin;C:\Windows\system32;C:\Windows;C:\Program Files (x86)\Common Files\NetSarang;C:\Windows\system32;C:\Windows;C:\Windows\System32\Wbem;C:\Windows\System32\WindowsPowerShell\v1.0\.;D:\apache-maven-3.2.3\bin;C:\Windows\system32\config\systemprofile\.dnx\bin;C:\Program Files\Microsoft DNX\Dnvm\;C:\Program Files\Microsoft SQL Server\120\Tools\Binn\.;C:\Program Files\Java\jdk1.7.0_80\bin;c:\Program Files\Intel\WiFi\bin\;c:\Program Files\Common Files\Intel\WirelessCommon\;c:\Program Files\Intel\WiFi\bin\;c:\Program Files\Common Files\Intel\WirelessCommon\;."/>
    <property name="surefire.test.class.path" value="D:\20160319\yonyou-bpm\ubpm-engine\target\test-classes;D:\20160319\yonyou-bpm\ubpm-engine\target\classes;d:\bpm_maven_lib\org\activiti\activiti-engine\5.16.4.pack1.RELEASE\activiti-engine-5.16.4.pack1.RELEASE.jar;d:\bpm_maven_lib\org\activiti\activiti-bpmn-converter\5.16.4.pack1.RELEASE\activiti-bpmn-converter-5.16.4.pack1.RELEASE.jar;d:\bpm_maven_lib\org\activiti\activiti-process-validation\5.16.4.pack1.RELEASE\activiti-process-validation-5.16.4.pack1.RELEASE.jar;d:\bpm_maven_lib\org\activiti\activiti-image-generator\5.16.4.pack1.RELEASE\activiti-image-generator-5.16.4.pack1.RELEASE.jar;d:\bpm_maven_lib\org\apache\commons\commons-email\1.2\commons-email-1.2.jar;d:\bpm_maven_lib\javax\mail\mail\1.4.1\mail-1.4.1.jar;d:\bpm_maven_lib\javax\activation\activation\1.1\activation-1.1.jar;d:\bpm_maven_lib\org\apache\commons\commons-lang3\3.3.2\commons-lang3-3.3.2.jar;d:\bpm_maven_lib\org\mybatis\mybatis\3.2.5\mybatis-3.2.5.jar;d:\bpm_maven_lib\org\springframework\spring-beans\4.0.6.RELEASE\spring-beans-4.0.6.RELEASE.jar;d:\bpm_maven_lib\joda-time\joda-time\2.1\joda-time-2.1.jar;d:\bpm_maven_lib\org\slf4j\slf4j-api\1.7.6\slf4j-api-1.7.6.jar;d:\bpm_maven_lib\org\slf4j\jcl-over-slf4j\1.7.6\jcl-over-slf4j-1.7.6.jar;d:\bpm_maven_lib\org\activiti\activiti-cxf\5.16.4.pack1.RELEASE\activiti-cxf-5.16.4.pack1.RELEASE.jar;d:\bpm_maven_lib\org\apache\cxf\cxf-rt-frontend-jaxws\2.6.14\cxf-rt-frontend-jaxws-2.6.14.jar;d:\bpm_maven_lib\xml-resolver\xml-resolver\1.2\xml-resolver-1.2.jar;d:\bpm_maven_lib\org\apache\cxf\cxf-api\2.6.14\cxf-api-2.6.14.jar;d:\bpm_maven_lib\org\codehaus\woodstox\woodstox-core-asl\4.2.1\woodstox-core-asl-4.2.1.jar;d:\bpm_maven_lib\org\codehaus\woodstox\stax2-api\3.1.4\stax2-api-3.1.4.jar;d:\bpm_maven_lib\org\apache\ws\xmlschema\xmlschema-core\2.0.3\xmlschema-core-2.0.3.jar;d:\bpm_maven_lib\wsdl4j\wsdl4j\1.6.2\wsdl4j-1.6.2.jar;d:\bpm_maven_lib\org\apache\cxf\cxf-rt-core\2.6.14\cxf-rt-core-2.6.14.jar;d:\bpm_maven_lib\org\apache\cxf\cxf-rt-bindings-soap\2.6.14\cxf-rt-bindings-soap-2.6.14.jar;d:\bpm_maven_lib\org\apache\cxf\cxf-rt-databinding-jaxb\2.6.14\cxf-rt-databinding-jaxb-2.6.14.jar;d:\bpm_maven_lib\org\apache\cxf\cxf-rt-bindings-xml\2.6.14\cxf-rt-bindings-xml-2.6.14.jar;d:\bpm_maven_lib\org\apache\cxf\cxf-rt-frontend-simple\2.6.14\cxf-rt-frontend-simple-2.6.14.jar;d:\bpm_maven_lib\org\apache\cxf\cxf-rt-ws-addr\2.6.14\cxf-rt-ws-addr-2.6.14.jar;d:\bpm_maven_lib\org\apache\cxf\cxf-rt-ws-policy\2.6.14\cxf-rt-ws-policy-2.6.14.jar;d:\bpm_maven_lib\org\apache\neethi\neethi\3.0.3\neethi-3.0.3.jar;d:\bpm_maven_lib\xerces\xercesImpl\2.10.0\xercesImpl-2.10.0.jar;d:\bpm_maven_lib\xml-apis\xml-apis\1.4.01\xml-apis-1.4.01.jar;d:\bpm_maven_lib\org\apache\cxf\cxf-rt-transports-http\2.6.14\cxf-rt-transports-http-2.6.14.jar;d:\bpm_maven_lib\com\sun\xml\bind\jaxb-xjc\2.1.7\jaxb-xjc-2.1.7.jar;d:\bpm_maven_lib\com\sun\xml\bind\jaxb-impl\2.1.7\jaxb-impl-2.1.7.jar;d:\bpm_maven_lib\javax\xml\bind\jaxb-api\2.2.1\jaxb-api-2.2.1.jar;d:\bpm_maven_lib\javax\xml\stream\stax-api\1.0-2\stax-api-1.0-2.jar;d:\bpm_maven_lib\log4j\log4j\1.2.13\log4j-1.2.13.jar;d:\bpm_maven_lib\org\activiti\activiti-spring\5.16.4.pack1.RELEASE\activiti-spring-5.16.4.pack1.RELEASE.jar;d:\bpm_maven_lib\org\springframework\spring-context\4.0.6.RELEASE\spring-context-4.0.6.RELEASE.jar;d:\bpm_maven_lib\org\springframework\spring-aop\4.0.6.RELEASE\spring-aop-4.0.6.RELEASE.jar;d:\bpm_maven_lib\org\springframework\spring-expression\4.0.6.RELEASE\spring-expression-4.0.6.RELEASE.jar;d:\bpm_maven_lib\org\springframework\spring-jdbc\4.0.6.RELEASE\spring-jdbc-4.0.6.RELEASE.jar;d:\bpm_maven_lib\org\springframework\spring-tx\4.0.6.RELEASE\spring-tx-4.0.6.RELEASE.jar;d:\bpm_maven_lib\org\springframework\spring-orm\4.0.6.RELEASE\spring-orm-4.0.6.RELEASE.jar;d:\bpm_maven_lib\commons-dbcp\commons-dbcp\1.4\commons-dbcp-1.4.jar;d:\bpm_maven_lib\commons-pool\commons-pool\1.5.4\commons-pool-1.5.4.jar;d:\bpm_maven_lib\org\activiti\activiti-rest\5.16.4.pack1.RELEASE\activiti-rest-5.16.4.pack1.RELEASE.jar;d:\bpm_maven_lib\org\activiti\activiti-common-rest\5.16.4.pack1.RELEASE\activiti-common-rest-5.16.4.pack1.RELEASE.jar;d:\bpm_maven_lib\com\fasterxml\jackson\core\jackson-core\2.2.3\jackson-core-2.2.3.jar;d:\bpm_maven_lib\com\fasterxml\jackson\core\jackson-databind\2.2.3\jackson-databind-2.2.3.jar;d:\bpm_maven_lib\org\activiti\activiti-simple-workflow\5.16.4.pack1.RELEASE\activiti-simple-workflow-5.16.4.pack1.RELEASE.jar;d:\bpm_maven_lib\org\activiti\activiti-bpmn-layout\5.16.4.pack1.RELEASE\activiti-bpmn-layout-5.16.4.pack1.RELEASE.jar;d:\bpm_maven_lib\org\tinyjee\jgraphx\jgraphx\1.10.4.1\jgraphx-1.10.4.1.jar;d:\bpm_maven_lib\com\fasterxml\jackson\core\jackson-annotations\2.2.3\jackson-annotations-2.2.3.jar;d:\bpm_maven_lib\org\slf4j\slf4j-log4j12\1.7.6\slf4j-log4j12-1.7.6.jar;d:\bpm_maven_lib\commons-io\commons-io\2.0.1\commons-io-2.0.1.jar;d:\bpm_maven_lib\commons-fileupload\commons-fileupload\1.2.2\commons-fileupload-1.2.2.jar;d:\bpm_maven_lib\javax\annotation\jsr250-api\1.0\jsr250-api-1.0.jar;d:\bpm_maven_lib\org\springframework\spring-core\4.0.6.RELEASE\spring-core-4.0.6.RELEASE.jar;d:\bpm_maven_lib\org\springframework\spring-web\4.0.6.RELEASE\spring-web-4.0.6.RELEASE.jar;d:\bpm_maven_lib\org\springframework\spring-webmvc\4.0.6.RELEASE\spring-webmvc-4.0.6.RELEASE.jar;d:\bpm_maven_lib\org\springframework\security\spring-security-core\3.2.3.RELEASE\spring-security-core-3.2.3.RELEASE.jar;d:\bpm_maven_lib\aopalliance\aopalliance\1.0\aopalliance-1.0.jar;d:\bpm_maven_lib\org\springframework\security\spring-security-config\3.2.3.RELEASE\spring-security-config-3.2.3.RELEASE.jar;d:\bpm_maven_lib\org\springframework\security\spring-security-crypto\3.2.3.RELEASE\spring-security-crypto-3.2.3.RELEASE.jar;d:\bpm_maven_lib\org\springframework\security\spring-security-web\3.2.3.RELEASE\spring-security-web-3.2.3.RELEASE.jar;d:\bpm_maven_lib\com\yonyou\uap\bpm\ubpm-base\1.2.0.RELEASE\ubpm-base-1.2.0.RELEASE.jar;d:\bpm_maven_lib\com\yonyou\uap\bpm\ubpm-bpmn-model\1.2.0.RELEASE\ubpm-bpmn-model-1.2.0.RELEASE.jar;d:\bpm_maven_lib\org\activiti\activiti-bpmn-model\5.16.4.pack1.RELEASE\activiti-bpmn-model-5.16.4.pack1.RELEASE.jar;d:\bpm_maven_lib\com\yonyou\uap\bpm\ubpm-framework\1.2.0.RELEASE\ubpm-framework-1.2.0.RELEASE.jar;d:\bpm_maven_lib\org\drools\drools-core\5.5.0.Final\drools-core-5.5.0.Final.jar;d:\bpm_maven_lib\org\mvel\mvel2\2.1.3.Final\mvel2-2.1.3.Final.jar;d:\bpm_maven_lib\org\drools\drools-compiler\5.5.0.Final\drools-compiler-5.5.0.Final.jar;d:\bpm_maven_lib\org\antlr\antlr-runtime\3.3\antlr-runtime-3.3.jar;d:\bpm_maven_lib\org\antlr\antlr\3.3\antlr-3.3.jar;d:\bpm_maven_lib\org\antlr\stringtemplate\3.2.1\stringtemplate-3.2.1.jar;d:\bpm_maven_lib\antlr\antlr\2.7.7\antlr-2.7.7.jar;d:\bpm_maven_lib\org\eclipse\jdt\core\compiler\ecj\3.5.1\ecj-3.5.1.jar;d:\bpm_maven_lib\com\thoughtworks\xstream\xstream\1.4.1\xstream-1.4.1.jar;d:\bpm_maven_lib\xmlpull\xmlpull\1.1.3.1\xmlpull-1.1.3.1.jar;d:\bpm_maven_lib\xpp3\xpp3_min\1.1.4c\xpp3_min-1.1.4c.jar;d:\bpm_maven_lib\org\drools\knowledge-api\5.5.0.Final\knowledge-api-5.5.0.Final.jar;d:\bpm_maven_lib\org\drools\knowledge-internal-api\5.5.0.Final\knowledge-internal-api-5.5.0.Final.jar;d:\bpm_maven_lib\org\codehaus\groovy\groovy-all\2.1.3\groovy-all-2.1.3.jar;d:\bpm_maven_lib\net\sf\json-lib\json-lib\2.4\json-lib-2.4.jar;d:\bpm_maven_lib\commons-beanutils\commons-beanutils\1.8.0\commons-beanutils-1.8.0.jar;d:\bpm_maven_lib\commons-collections\commons-collections\3.2.1\commons-collections-3.2.1.jar;d:\bpm_maven_lib\commons-lang\commons-lang\2.5\commons-lang-2.5.jar;d:\bpm_maven_lib\commons-logging\commons-logging\1.1.1\commons-logging-1.1.1.jar;d:\bpm_maven_lib\net\sf\ezmorph\ezmorph\1.0.6\ezmorph-1.0.6.jar;d:\bpm_maven_lib\org\camunda\spin\camunda-spin-dataformat-all\1.1.0-alpha1\camunda-spin-dataformat-all-1.1.0-alpha1.jar;d:\bpm_maven_lib\org\camunda\commons\camunda-commons-logging\1.0.6\camunda-commons-logging-1.0.6.jar;d:\bpm_maven_lib\org\camunda\commons\camunda-commons-utils\1.0.6\camunda-commons-utils-1.0.6.jar;d:\bpm_maven_lib\junit\junit\4.11\junit-4.11.jar;d:\bpm_maven_lib\org\hamcrest\hamcrest-core\1.3\hamcrest-core-1.3.jar;"/>
    <property name="java.specification.name" value="Java Platform API Specification"/>
    <property name="java.class.version" value="51.0"/>
    <property name="sun.management.compiler" value="HotSpot 64-Bit Tiered Compilers"/>
    <property name="os.version" value="6.3"/>
    <property name="user.home" value="C:\Users\wht"/>
    <property name="user.timezone" value=""/>
    <property name="java.awt.printerjob" value="sun.awt.windows.WPrinterJob"/>
    <property name="java.specification.version" value="1.7"/>
    <property name="file.encoding" value="GBK"/>
    <property name="user.name" value="wht"/>
    <property name="java.class.path" value="D:\20160319\yonyou-bpm\ubpm-engine\target\test-classes;D:\20160319\yonyou-bpm\ubpm-engine\target\classes;d:\bpm_maven_lib\org\activiti\activiti-engine\5.16.4.pack1.RELEASE\activiti-engine-5.16.4.pack1.RELEASE.jar;d:\bpm_maven_lib\org\activiti\activiti-bpmn-converter\5.16.4.pack1.RELEASE\activiti-bpmn-converter-5.16.4.pack1.RELEASE.jar;d:\bpm_maven_lib\org\activiti\activiti-process-validation\5.16.4.pack1.RELEASE\activiti-process-validation-5.16.4.pack1.RELEASE.jar;d:\bpm_maven_lib\org\activiti\activiti-image-generator\5.16.4.pack1.RELEASE\activiti-image-generator-5.16.4.pack1.RELEASE.jar;d:\bpm_maven_lib\org\apache\commons\commons-email\1.2\commons-email-1.2.jar;d:\bpm_maven_lib\javax\mail\mail\1.4.1\mail-1.4.1.jar;d:\bpm_maven_lib\javax\activation\activation\1.1\activation-1.1.jar;d:\bpm_maven_lib\org\apache\commons\commons-lang3\3.3.2\commons-lang3-3.3.2.jar;d:\bpm_maven_lib\org\mybatis\mybatis\3.2.5\mybatis-3.2.5.jar;d:\bpm_maven_lib\org\springframework\spring-beans\4.0.6.RELEASE\spring-beans-4.0.6.RELEASE.jar;d:\bpm_maven_lib\joda-time\joda-time\2.1\joda-time-2.1.jar;d:\bpm_maven_lib\org\slf4j\slf4j-api\1.7.6\slf4j-api-1.7.6.jar;d:\bpm_maven_lib\org\slf4j\jcl-over-slf4j\1.7.6\jcl-over-slf4j-1.7.6.jar;d:\bpm_maven_lib\org\activiti\activiti-cxf\5.16.4.pack1.RELEASE\activiti-cxf-5.16.4.pack1.RELEASE.jar;d:\bpm_maven_lib\org\apache\cxf\cxf-rt-frontend-jaxws\2.6.14\cxf-rt-frontend-jaxws-2.6.14.jar;d:\bpm_maven_lib\xml-resolver\xml-resolver\1.2\xml-resolver-1.2.jar;d:\bpm_maven_lib\org\apache\cxf\cxf-api\2.6.14\cxf-api-2.6.14.jar;d:\bpm_maven_lib\org\codehaus\woodstox\woodstox-core-asl\4.2.1\woodstox-core-asl-4.2.1.jar;d:\bpm_maven_lib\org\codehaus\woodstox\stax2-api\3.1.4\stax2-api-3.1.4.jar;d:\bpm_maven_lib\org\apache\ws\xmlschema\xmlschema-core\2.0.3\xmlschema-core-2.0.3.jar;d:\bpm_maven_lib\wsdl4j\wsdl4j\1.6.2\wsdl4j-1.6.2.jar;d:\bpm_maven_lib\org\apache\cxf\cxf-rt-core\2.6.14\cxf-rt-core-2.6.14.jar;d:\bpm_maven_lib\org\apache\cxf\cxf-rt-bindings-soap\2.6.14\cxf-rt-bindings-soap-2.6.14.jar;d:\bpm_maven_lib\org\apache\cxf\cxf-rt-databinding-jaxb\2.6.14\cxf-rt-databinding-jaxb-2.6.14.jar;d:\bpm_maven_lib\org\apache\cxf\cxf-rt-bindings-xml\2.6.14\cxf-rt-bindings-xml-2.6.14.jar;d:\bpm_maven_lib\org\apache\cxf\cxf-rt-frontend-simple\2.6.14\cxf-rt-frontend-simple-2.6.14.jar;d:\bpm_maven_lib\org\apache\cxf\cxf-rt-ws-addr\2.6.14\cxf-rt-ws-addr-2.6.14.jar;d:\bpm_maven_lib\org\apache\cxf\cxf-rt-ws-policy\2.6.14\cxf-rt-ws-policy-2.6.14.jar;d:\bpm_maven_lib\org\apache\neethi\neethi\3.0.3\neethi-3.0.3.jar;d:\bpm_maven_lib\xerces\xercesImpl\2.10.0\xercesImpl-2.10.0.jar;d:\bpm_maven_lib\xml-apis\xml-apis\1.4.01\xml-apis-1.4.01.jar;d:\bpm_maven_lib\org\apache\cxf\cxf-rt-transports-http\2.6.14\cxf-rt-transports-http-2.6.14.jar;d:\bpm_maven_lib\com\sun\xml\bind\jaxb-xjc\2.1.7\jaxb-xjc-2.1.7.jar;d:\bpm_maven_lib\com\sun\xml\bind\jaxb-impl\2.1.7\jaxb-impl-2.1.7.jar;d:\bpm_maven_lib\javax\xml\bind\jaxb-api\2.2.1\jaxb-api-2.2.1.jar;d:\bpm_maven_lib\javax\xml\stream\stax-api\1.0-2\stax-api-1.0-2.jar;d:\bpm_maven_lib\log4j\log4j\1.2.13\log4j-1.2.13.jar;d:\bpm_maven_lib\org\activiti\activiti-spring\5.16.4.pack1.RELEASE\activiti-spring-5.16.4.pack1.RELEASE.jar;d:\bpm_maven_lib\org\springframework\spring-context\4.0.6.RELEASE\spring-context-4.0.6.RELEASE.jar;d:\bpm_maven_lib\org\springframework\spring-aop\4.0.6.RELEASE\spring-aop-4.0.6.RELEASE.jar;d:\bpm_maven_lib\org\springframework\spring-expression\4.0.6.RELEASE\spring-expression-4.0.6.RELEASE.jar;d:\bpm_maven_lib\org\springframework\spring-jdbc\4.0.6.RELEASE\spring-jdbc-4.0.6.RELEASE.jar;d:\bpm_maven_lib\org\springframework\spring-tx\4.0.6.RELEASE\spring-tx-4.0.6.RELEASE.jar;d:\bpm_maven_lib\org\springframework\spring-orm\4.0.6.RELEASE\spring-orm-4.0.6.RELEASE.jar;d:\bpm_maven_lib\commons-dbcp\commons-dbcp\1.4\commons-dbcp-1.4.jar;d:\bpm_maven_lib\commons-pool\commons-pool\1.5.4\commons-pool-1.5.4.jar;d:\bpm_maven_lib\org\activiti\activiti-rest\5.16.4.pack1.RELEASE\activiti-rest-5.16.4.pack1.RELEASE.jar;d:\bpm_maven_lib\org\activiti\activiti-common-rest\5.16.4.pack1.RELEASE\activiti-common-rest-5.16.4.pack1.RELEASE.jar;d:\bpm_maven_lib\com\fasterxml\jackson\core\jackson-core\2.2.3\jackson-core-2.2.3.jar;d:\bpm_maven_lib\com\fasterxml\jackson\core\jackson-databind\2.2.3\jackson-databind-2.2.3.jar;d:\bpm_maven_lib\org\activiti\activiti-simple-workflow\5.16.4.pack1.RELEASE\activiti-simple-workflow-5.16.4.pack1.RELEASE.jar;d:\bpm_maven_lib\org\activiti\activiti-bpmn-layout\5.16.4.pack1.RELEASE\activiti-bpmn-layout-5.16.4.pack1.RELEASE.jar;d:\bpm_maven_lib\org\tinyjee\jgraphx\jgraphx\1.10.4.1\jgraphx-1.10.4.1.jar;d:\bpm_maven_lib\com\fasterxml\jackson\core\jackson-annotations\2.2.3\jackson-annotations-2.2.3.jar;d:\bpm_maven_lib\org\slf4j\slf4j-log4j12\1.7.6\slf4j-log4j12-1.7.6.jar;d:\bpm_maven_lib\commons-io\commons-io\2.0.1\commons-io-2.0.1.jar;d:\bpm_maven_lib\commons-fileupload\commons-fileupload\1.2.2\commons-fileupload-1.2.2.jar;d:\bpm_maven_lib\javax\annotation\jsr250-api\1.0\jsr250-api-1.0.jar;d:\bpm_maven_lib\org\springframework\spring-core\4.0.6.RELEASE\spring-core-4.0.6.RELEASE.jar;d:\bpm_maven_lib\org\springframework\spring-web\4.0.6.RELEASE\spring-web-4.0.6.RELEASE.jar;d:\bpm_maven_lib\org\springframework\spring-webmvc\4.0.6.RELEASE\spring-webmvc-4.0.6.RELEASE.jar;d:\bpm_maven_lib\org\springframework\security\spring-security-core\3.2.3.RELEASE\spring-security-core-3.2.3.RELEASE.jar;d:\bpm_maven_lib\aopalliance\aopalliance\1.0\aopalliance-1.0.jar;d:\bpm_maven_lib\org\springframework\security\spring-security-config\3.2.3.RELEASE\spring-security-config-3.2.3.RELEASE.jar;d:\bpm_maven_lib\org\springframework\security\spring-security-crypto\3.2.3.RELEASE\spring-security-crypto-3.2.3.RELEASE.jar;d:\bpm_maven_lib\org\springframework\security\spring-security-web\3.2.3.RELEASE\spring-security-web-3.2.3.RELEASE.jar;d:\bpm_maven_lib\com\yonyou\uap\bpm\ubpm-base\1.2.0.RELEASE\ubpm-base-1.2.0.RELEASE.jar;d:\bpm_maven_lib\com\yonyou\uap\bpm\ubpm-bpmn-model\1.2.0.RELEASE\ubpm-bpmn-model-1.2.0.RELEASE.jar;d:\bpm_maven_lib\org\activiti\activiti-bpmn-model\5.16.4.pack1.RELEASE\activiti-bpmn-model-5.16.4.pack1.RELEASE.jar;d:\bpm_maven_lib\com\yonyou\uap\bpm\ubpm-framework\1.2.0.RELEASE\ubpm-framework-1.2.0.RELEASE.jar;d:\bpm_maven_lib\org\drools\drools-core\5.5.0.Final\drools-core-5.5.0.Final.jar;d:\bpm_maven_lib\org\mvel\mvel2\2.1.3.Final\mvel2-2.1.3.Final.jar;d:\bpm_maven_lib\org\drools\drools-compiler\5.5.0.Final\drools-compiler-5.5.0.Final.jar;d:\bpm_maven_lib\org\antlr\antlr-runtime\3.3\antlr-runtime-3.3.jar;d:\bpm_maven_lib\org\antlr\antlr\3.3\antlr-3.3.jar;d:\bpm_maven_lib\org\antlr\stringtemplate\3.2.1\stringtemplate-3.2.1.jar;d:\bpm_maven_lib\antlr\antlr\2.7.7\antlr-2.7.7.jar;d:\bpm_maven_lib\org\eclipse\jdt\core\compiler\ecj\3.5.1\ecj-3.5.1.jar;d:\bpm_maven_lib\com\thoughtworks\xstream\xstream\1.4.1\xstream-1.4.1.jar;d:\bpm_maven_lib\xmlpull\xmlpull\1.1.3.1\xmlpull-1.1.3.1.jar;d:\bpm_maven_lib\xpp3\xpp3_min\1.1.4c\xpp3_min-1.1.4c.jar;d:\bpm_maven_lib\org\drools\knowledge-api\5.5.0.Final\knowledge-api-5.5.0.Final.jar;d:\bpm_maven_lib\org\drools\knowledge-internal-api\5.5.0.Final\knowledge-internal-api-5.5.0.Final.jar;d:\bpm_maven_lib\org\codehaus\groovy\groovy-all\2.1.3\groovy-all-2.1.3.jar;d:\bpm_maven_lib\net\sf\json-lib\json-lib\2.4\json-lib-2.4.jar;d:\bpm_maven_lib\commons-beanutils\commons-beanutils\1.8.0\commons-beanutils-1.8.0.jar;d:\bpm_maven_lib\commons-collections\commons-collections\3.2.1\commons-collections-3.2.1.jar;d:\bpm_maven_lib\commons-lang\commons-lang\2.5\commons-lang-2.5.jar;d:\bpm_maven_lib\commons-logging\commons-logging\1.1.1\commons-logging-1.1.1.jar;d:\bpm_maven_lib\net\sf\ezmorph\ezmorph\1.0.6\ezmorph-1.0.6.jar;d:\bpm_maven_lib\org\camunda\spin\camunda-spin-dataformat-all\1.1.0-alpha1\camunda-spin-dataformat-all-1.1.0-alpha1.jar;d:\bpm_maven_lib\org\camunda\commons\camunda-commons-logging\1.0.6\camunda-commons-logging-1.0.6.jar;d:\bpm_maven_lib\org\camunda\commons\camunda-commons-utils\1.0.6\camunda-commons-utils-1.0.6.jar;d:\bpm_maven_lib\junit\junit\4.11\junit-4.11.jar;d:\bpm_maven_lib\org\hamcrest\hamcrest-core\1.3\hamcrest-core-1.3.jar;"/>
    <property name="java.vm.specification.version" value="1.7"/>
    <property name="sun.arch.data.model" value="64"/>
    <property name="java.home" value="C:\Program Files\Java\jre7"/>
    <property name="sun.java.command" value="D:\20160319\yonyou-bpm\ubpm-engine\target\surefire\surefirebooter5072176656799694366.jar D:\20160319\yonyou-bpm\ubpm-engine\target\surefire\surefire3632946111539892879tmp D:\20160319\yonyou-bpm\ubpm-engine\target\surefire\surefire3017740658472413705tmp"/>
    <property name="java.specification.vendor" value="Oracle Corporation"/>
    <property name="user.language" value="en"/>
    <property name="awt.toolkit" value="sun.awt.windows.WToolkit"/>
    <property name="java.vm.info" value="mixed mode"/>
    <property name="java.version" value="1.7.0_80"/>
    <property name="java.ext.dirs" value="C:\Program Files\Java\jre7\lib\ext;C:\Windows\Sun\Java\lib\ext"/>
    <property name="sun.boot.class.path" value="C:\Program Files\Java\jre7\lib\resources.jar;C:\Program Files\Java\jre7\lib\rt.jar;C:\Program Files\Java\jre7\lib\sunrsasign.jar;C:\Program Files\Java\jre7\lib\jsse.jar;C:\Program Files\Java\jre7\lib\jce.jar;C:\Program Files\Java\jre7\lib\charsets.jar;C:\Program Files\Java\jre7\lib\jfr.jar;C:\Program Files\Java\jre7\classes"/>
    <property name="java.vendor" value="Oracle Corporation"/>
    <property name="localRepository" value="d:\bpm_maven_lib"/>
    <property name="file.separator" value="\"/>
    <property name="java.vendor.url.bug" value="http://bugreport.sun.com/bugreport/"/>
    <property name="sun.cpu.endian" value="little"/>
    <property name="sun.io.unicode.encoding" value="UnicodeLittle"/>
    <property name="sun.desktop" value="windows"/>
    <property name="sun.cpu.isalist" value="amd64"/>
  </properties>
  <testcase time="0" classname="com.yonyou.bpm.test.XmlPathTest" name="test"/>
</testsuite>